The files belonging to this database system will be owned by user "postgres".
This user must also own the server process.

The database cluster will be initialized with locale "en_US.utf8".
The default database encoding has accordingly been set to "UTF8".
The default text search configuration will be set to "english".

Data page checksums are disabled.

fixing permissions on existing directory /var/lib/postgresql/data ... ok
creating subdirectories ... ok
selecting dynamic shared memory implementation ... posix
selecting default max_connections ... 100
selecting default shared_buffers ... 128MB
selecting default time zone ... Etc/UTC
creating configuration files ... ok
running bootstrap script ... ok
performing post-bootstrap initialization ... ok
initdb: warning: enabling "trust" authentication for local connections
initdb: hint: You can change this by editing pg_hba.conf or using the option -A, or --auth-local and --auth-host, the next time you run initdb.
syncing data to disk ... ok


Success. You can now start the database server using:

    pg_ctl -D /var/lib/postgresql/data -l logfile start

waiting for server to start....2022-11-06 21:08:15.845 UTC [48] LOG:  starting PostgreSQL 15.0 (Debian 15.0-1.pgdg110+1) on x86_64-pc-linux-gnu, compiled by gcc (Debian 10.2.1-6) 10.2.1 20210110, 64-bit
2022-11-06 21:08:15.848 UTC [48] LOG:  listening on Unix socket "/var/run/postgresql/.s.PGSQL.5432"
2022-11-06 21:08:15.859 UTC [51] LOG:  database system was shut down at 2022-11-06 21:08:15 UTC
2022-11-06 21:08:15.866 UTC [48] LOG:  database system is ready to accept connections
 done
server started
CREATE DATABASE


/usr/local/bin/docker-entrypoint.sh: ignoring /docker-entrypoint-initdb.d/*

2022-11-06 21:08:16.117 UTC [48] LOG:  received fast shutdown request
waiting for server to shut down....2022-11-06 21:08:16.121 UTC [48] LOG:  aborting any active transactions
2022-11-06 21:08:16.123 UTC [48] LOG:  background worker "logical replication launcher" (PID 54) exited with exit code 1
2022-11-06 21:08:16.126 UTC [49] LOG:  shutting down
2022-11-06 21:08:16.129 UTC [49] LOG:  checkpoint starting: shutdown immediate
2022-11-06 21:08:16.181 UTC [49] LOG:  checkpoint complete: wrote 918 buffers (5.6%); 0 WAL file(s) added, 0 removed, 0 recycled; write=0.028 s, sync=0.017 s, total=0.056 s; sync files=250, longest=0.003 s, average=0.001 s; distance=4217 kB, estimate=4217 kB
2022-11-06 21:08:16.190 UTC [48] LOG:  database system is shut down
 done
server stopped

PostgreSQL init process complete; ready for start up.

2022-11-06 21:08:16.255 UTC [1] LOG:  starting PostgreSQL 15.0 (Debian 15.0-1.pgdg110+1) on x86_64-pc-linux-gnu, compiled by gcc (Debian 10.2.1-6) 10.2.1 20210110, 64-bit
2022-11-06 21:08:16.255 UTC [1] LOG:  listening on IPv4 address "0.0.0.0", port 5432
2022-11-06 21:08:16.255 UTC [1] LOG:  listening on IPv6 address "::", port 5432
2022-11-06 21:08:16.260 UTC [1] LOG:  listening on Unix socket "/var/run/postgresql/.s.PGSQL.5432"
2022-11-06 21:08:16.268 UTC [63] LOG:  database system was shut down at 2022-11-06 21:08:16 UTC
2022-11-06 21:08:16.276 UTC [1] LOG:  database system is ready to accept connections
2022-11-06 21:13:16.367 UTC [61] LOG:  checkpoint starting: time
2022-11-06 21:13:25.328 UTC [61] LOG:  checkpoint complete: wrote 92 buffers (0.6%); 0 WAL file(s) added, 0 removed, 0 recycled; write=8.939 s, sync=0.008 s, total=8.962 s; sync files=48, longest=0.003 s, average=0.001 s; distance=404 kB, estimate=404 kB
